<?xml version="1.0" encoding="UTF-8"?>
<testng-results ignored="0" total="2" passed="2" failed="0" skipped="0">
  <reporter-output>
    <line>
      <![CDATA[open Browser]]>
    </line>
    <line>
      <![CDATA[logIn]]>
    </line>
    <line>
      <![CDATA[test passed]]>
    </line>
    <line>
      <![CDATA[logOut]]>
    </line>
    <line>
      <![CDATA[logIn]]>
    </line>
    <line>
      <![CDATA[test passed]]>
    </line>
    <line>
      <![CDATA[logOut]]>
    </line>
    <line>
      <![CDATA[closeBrowser]]>
    </line>
  </reporter-output>
  <suite started-at="2023-10-10T12:10:20 IST" name="Suite" finished-at="2023-10-10T12:10:42 IST" duration-ms="21355">
    <groups>
    </groups>
    <test started-at="2023-10-10T12:10:20 IST" name="Test" finished-at="2023-10-10T12:10:42 IST" duration-ms="21355">
      <class name="com.actitime.testscript.CustomerModule">
        <test-method is-config="true" signature="openBrowser()[pri:0, instance:com.actitime.testscript.CustomerModule@3a7442c7]" started-at="2023-10-10T12:10:20 IST" name="openBrowser" finished-at="2023-10-10T12:10:31 IST" duration-ms="10915" status="PASS">
          <reporter-output>
            <line>
              <![CDATA[open Browser]]>
            </line>
          </reporter-output>
        </test-method> <!-- openBrowser -->
        <test-method is-config="true" signature="logIn()[pri:0, instance:com.actitime.testscript.CustomerModule@3a7442c7]" started-at="2023-10-10T12:10:31 IST" name="logIn" finished-at="2023-10-10T12:10:32 IST" duration-ms="363" status="PASS">
          <reporter-output>
            <line>
              <![CDATA[logIn]]>
            </line>
          </reporter-output>
        </test-method> <!-- logIn -->
        <test-method signature="createCustomer()[pri:0, instance:com.actitime.testscript.CustomerModule@3a7442c7]" started-at="2023-10-10T12:10:32 IST" name="createCustomer" finished-at="2023-10-10T12:10:32 IST" duration-ms="6" status="PASS">
          <reporter-output>
            <line>
              <![CDATA[test passed]]>
            </line>
          </reporter-output>
        </test-method> <!-- createCustomer -->
        <test-method is-config="true" signature="logOut()[pri:0, instance:com.actitime.testscript.CustomerModule@3a7442c7]" started-at="2023-10-10T12:10:32 IST" name="logOut" finished-at="2023-10-10T12:10:37 IST" duration-ms="5705" status="PASS">
          <reporter-output>
            <line>
              <![CDATA[logOut]]>
            </line>
          </reporter-output>
        </test-method> <!-- logOut -->
        <test-method is-config="true" signature="logIn()[pri:0, instance:com.actitime.testscript.CustomerModule@3a7442c7]" started-at="2023-10-10T12:10:37 IST" name="logIn" finished-at="2023-10-10T12:10:38 IST" duration-ms="209" status="PASS">
          <reporter-output>
            <line>
              <![CDATA[logIn]]>
            </line>
          </reporter-output>
        </test-method> <!-- logIn -->
        <test-method signature="deleteCustomer()[pri:0, instance:com.actitime.testscript.CustomerModule@3a7442c7]" started-at="2023-10-10T12:10:38 IST" name="deleteCustomer" finished-at="2023-10-10T12:10:38 IST" duration-ms="7" status="PASS">
          <reporter-output>
            <line>
              <![CDATA[test passed]]>
            </line>
          </reporter-output>
        </test-method> <!-- deleteCustomer -->
        <test-method is-config="true" signature="logOut()[pri:0, instance:com.actitime.testscript.CustomerModule@3a7442c7]" started-at="2023-10-10T12:10:38 IST" name="logOut" finished-at="2023-10-10T12:10:41 IST" duration-ms="3763" status="PASS">
          <reporter-output>
            <line>
              <![CDATA[logOut]]>
            </line>
          </reporter-output>
        </test-method> <!-- logOut -->
        <test-method is-config="true" signature="closeBrowser()[pri:0, instance:com.actitime.testscript.CustomerModule@3a7442c7]" started-at="2023-10-10T12:10:41 IST" name="closeBrowser" finished-at="2023-10-10T12:10:42 IST" duration-ms="307" status="PASS">
          <reporter-output>
            <line>
              <![CDATA[closeBrowser]]>
            </line>
          </reporter-output>
        </test-method> <!-- closeBrowser -->
      </class> <!-- com.actitime.testscript.CustomerModule -->
    </test> <!-- Test -->
  </suite> <!-- Suite -->
</testng-results>
